<?xml version="1.0" encoding="UTF-8"?>
<!-- Generated by org.testng.reporters.JUnitXMLReporter -->
<testsuite hostname="KORAT" ignored="0" name="Test" tests="1" failures="1" timestamp="2022-11-23T22:17:43 EST" time="0.032" errors="0">
  <testcase name="testReport" time="0.0" classname="com.testingwithChrome.DataDrivenTestingWithCSV">
    <failure type="org.testng.TestNGException" message="
Data Provider public java.lang.Object[][] com.testingwithChrome.DataDrivenTestingWithCSV.dataProviderMethod() returned a null value">
      <![CDATA[org.testng.TestNGException: 
Data Provider public java.lang.Object[][] com.testingwithChrome.DataDrivenTestingWithCSV.dataProviderMethod() returned a null value
at java.util.ArrayList.forEach(Unknown Source)
... Removed 24 stack frames]]>
    </failure>
  </testcase> <!-- testReport -->
</testsuite> <!-- Test -->
