<?xml version="1.0" encoding="UTF-8"?>
<testng-results skipped="0" failed="1" ignored="0" total="1" passed="0">
  <reporter-output>
  </reporter-output>
  <suite name="Default suite" duration-ms="9800" started-at="2022-11-24T19:06:24 EST" finished-at="2022-11-24T19:06:34 EST">
    <groups>
    </groups>
    <test name="Default test" duration-ms="9800" started-at="2022-11-24T19:06:24 EST" finished-at="2022-11-24T19:06:34 EST">
      <class name="com.test.DataDriverTestingWithCSV2">
        <test-method status="PASS" signature="setup()[pri:0, instance:com.test.DataDriverTestingWithCSV2@5579bb86]" name="setup" is-config="true" duration-ms="8986" started-at="2022-11-24T19:06:24 EST" finished-at="2022-11-24T19:06:33 EST">
          <reporter-output>
          </reporter-output>
        </test-method> <!-- setup -->
        <test-method status="FAIL" signature="dataRead_CSV()[pri:0, instance:com.test.DataDriverTestingWithCSV2@5579bb86]" name="dataRead_CSV" duration-ms="20" started-at="2022-11-24T19:06:33 EST" finished-at="2022-11-24T19:06:33 EST">
          <exception class="java.io.FileNotFoundException">
            <message>
              <![CDATA[C:\Users\Viral Korat\eclipse-workspace\com.testingwithChrome‪\AmazonTestData.csv (The system cannot find the path specified)]]>
            </message>
            <full-stacktrace>
              <![CDATA[java.io.FileNotFoundException: C:\Users\Viral Korat\eclipse-workspace\com.testingwithChrome‪\AmazonTestData.csv (The system cannot find the path specified)
at java.io.FileInputStream.open0(Native Method)
at java.io.FileInputStream.open(Unknown Source)
at java.io.FileInputStream.<init>(Unknown Source)
at java.io.FileInputStream.<init>(Unknown Source)
at java.io.FileReader.<init>(Unknown Source)
at com.test.DataDriverTestingWithCSV2.dataRead_CSV(DataDriverTestingWithCSV2.java:40)
at sun.reflect.NativeMethodAccessorImpl.invoke0(Native Method)
at sun.reflect.NativeMethodAccessorImpl.invoke(Unknown Source)
at sun.reflect.DelegatingMethodAccessorImpl.invoke(Unknown Source)
at java.lang.reflect.Method.invoke(Unknown Source)
at org.testng.internal.invokers.MethodInvocationHelper.invokeMethod(MethodInvocationHelper.java:135)
at org.testng.internal.invokers.TestInvoker.invokeMethod(TestInvoker.java:673)
at org.testng.internal.invokers.TestInvoker.invokeTestMethod(TestInvoker.java:220)
at org.testng.internal.invokers.MethodRunner.runInSequence(MethodRunner.java:50)
at org.testng.internal.invokers.TestInvoker$MethodInvocationAgent.invoke(TestInvoker.java:945)
at org.testng.internal.invokers.TestInvoker.invokeTestMethods(TestInvoker.java:193)
at org.testng.internal.invokers.TestMethodWorker.invokeTestMethods(TestMethodWorker.java:146)
at org.testng.internal.invokers.TestMethodWorker.run(TestMethodWorker.java:128)
at java.util.ArrayList.forEach(Unknown Source)
at org.testng.TestRunner.privateRun(TestRunner.java:808)
at org.testng.TestRunner.run(TestRunner.java:603)
at org.testng.SuiteRunner.runTest(SuiteRunner.java:429)
at org.testng.SuiteRunner.runSequentially(SuiteRunner.java:423)
at org.testng.SuiteRunner.privateRun(SuiteRunner.java:383)
at org.testng.SuiteRunner.run(SuiteRunner.java:326)
at org.testng.SuiteRunnerWorker.runSuite(SuiteRunnerWorker.java:52)
at org.testng.SuiteRunnerWorker.run(SuiteRunnerWorker.java:95)
at org.testng.TestNG.runSuitesSequentially(TestNG.java:1249)
at org.testng.TestNG.runSuitesLocally(TestNG.java:1169)
at org.testng.TestNG.runSuites(TestNG.java:1092)
at org.testng.TestNG.run(TestNG.java:1060)
at org.testng.remote.AbstractRemoteTestNG.run(AbstractRemoteTestNG.java:115)
at org.testng.remote.RemoteTestNG.initAndRun(RemoteTestNG.java:251)
at org.testng.remote.RemoteTestNG.main(RemoteTestNG.java:77)
]]>
            </full-stacktrace>
          </exception> <!-- java.io.FileNotFoundException -->
          <reporter-output>
          </reporter-output>
        </test-method> <!-- dataRead_CSV -->
        <test-method status="PASS" signature="close()[pri:0, instance:com.test.DataDriverTestingWithCSV2@5579bb86]" name="close" is-config="true" duration-ms="737" started-at="2022-11-24T19:06:33 EST" finished-at="2022-11-24T19:06:34 EST">
          <reporter-output>
          </reporter-output>
        </test-method> <!-- close -->
      </class> <!-- com.test.DataDriverTestingWithCSV2 -->
    </test> <!-- Default test -->
  </suite> <!-- Default suite -->
</testng-results>
